2023-04-01 14:46:07,040 INFO  [restartedMain] com.tm3library.LibraryProjectApplication:Starting LibraryProjectApplication using Java 11.0.16.1 on DESKTOP-IN77DVS with PID 9976 (C:\Users\MONSTER\Desktop\LibraryProject\target\classes started by MONSTER in C:\Users\MONSTER\Desktop\LibraryProject)
2023-04-01 14:46:07,049 INFO  [restartedMain] com.tm3library.LibraryProjectApplication:No active profile set, falling back to 1 default profile: "default"
2023-04-01 14:46:07,162 INFO  [restartedMain] org.springframework.boot.devtools.env.DevToolsPropertyDefaultsPostProcessor:Devtools property defaults active! Set 'spring.devtools.add-properties' to 'false' to disable
2023-04-01 14:46:07,163 INFO  [restartedMain] org.springframework.boot.devtools.env.DevToolsPropertyDefaultsPostProcessor:For additional web related logging consider setting the 'logging.level.web' property to 'DEBUG'
2023-04-01 14:46:09,723 INFO  [restartedMain] org.springframework.data.repository.config.RepositoryConfigurationDelegate:Bootstrapping Spring Data JPA repositories in DEFAULT mode.
2023-04-01 14:46:10,229 INFO  [restartedMain] org.springframework.data.repository.config.RepositoryConfigurationDelegate:Finished Spring Data repository scanning in 469 ms. Found 8 JPA repository interfaces.
2023-04-01 14:46:11,729 INFO  [restartedMain] org.springframework.boot.web.embedded.tomcat.TomcatWebServer:Tomcat initialized with port(s): 8080 (http)
2023-04-01 14:46:11,743 INFO  [restartedMain] org.apache.catalina.core.StandardService:Starting service [Tomcat]
2023-04-01 14:46:11,744 INFO  [restartedMain] org.apache.catalina.core.StandardEngine:Starting Servlet engine: [Apache Tomcat/9.0.71]
2023-04-01 14:46:11,877 INFO  [restartedMain] org.apache.catalina.core.ContainerBase.[Tomcat].[localhost].[/]:Initializing Spring embedded WebApplicationContext
2023-04-01 14:46:11,878 INFO  [restartedMain] org.springframework.boot.web.servlet.context.ServletWebServerApplicationContext:Root WebApplicationContext: initialization completed in 4714 ms
2023-04-01 14:46:12,484 INFO  [restartedMain] org.hibernate.jpa.internal.util.LogHelper:HHH000204: Processing PersistenceUnitInfo [name: default]
2023-04-01 14:46:12,572 INFO  [restartedMain] org.hibernate.Version:HHH000412: Hibernate ORM core version 5.6.15.Final
2023-04-01 14:46:12,817 INFO  [restartedMain] org.hibernate.annotations.common.Version:HCANN000001: Hibernate Commons Annotations {5.1.2.Final}
2023-04-01 14:46:12,947 INFO  [restartedMain] com.zaxxer.hikari.HikariDataSource:HikariPool-1 - Starting...
2023-04-01 14:46:13,447 INFO  [restartedMain] com.zaxxer.hikari.HikariDataSource:HikariPool-1 - Start completed.
2023-04-01 14:46:13,471 INFO  [restartedMain] org.hibernate.dialect.Dialect:HHH000400: Using dialect: org.hibernate.dialect.PostgreSQLDialect
2023-04-01 14:46:15,848 INFO  [restartedMain] org.hibernate.engine.transaction.jta.platform.internal.JtaPlatformInitiator:HHH000490: Using JtaPlatform implementation: [org.hibernate.engine.transaction.jta.platform.internal.NoJtaPlatform]
2023-04-01 14:46:15,861 INFO  [restartedMain] org.springframework.orm.jpa.LocalContainerEntityManagerFactoryBean:Initialized JPA EntityManagerFactory for persistence unit 'default'
2023-04-01 14:46:18,041 INFO  [restartedMain] org.springframework.security.web.DefaultSecurityFilterChain:Will secure any request with [org.springframework.security.web.session.DisableEncodeUrlFilter@15ce25d0, org.springframework.security.web.context.request.async.WebAsyncManagerIntegrationFilter@31068cc7, org.springframework.security.web.context.SecurityContextPersistenceFilter@231f349e, org.springframework.security.web.header.HeaderWriterFilter@31974ddb, org.springframework.security.web.authentication.logout.LogoutFilter@2421252e, com.tm3library.security.jwt.AuthTokenFilter@1086fcd5, org.springframework.security.web.savedrequest.RequestCacheAwareFilter@1ea9b3d4, org.springframework.security.web.servletapi.SecurityContextHolderAwareRequestFilter@2dce011, org.springframework.security.web.authentication.AnonymousAuthenticationFilter@7f96e977, org.springframework.security.web.session.SessionManagementFilter@6f4d19d3, org.springframework.security.web.access.ExceptionTranslationFilter@4aae8827, org.springframework.security.web.access.intercept.FilterSecurityInterceptor@1c971f79]
2023-04-01 14:46:18,089 WARN  [restartedMain] org.springframework.boot.autoconfigure.orm.jpa.JpaBaseConfiguration$JpaWebConfiguration:spring.jpa.open-in-view is enabled by default. Therefore, database queries may be performed during view rendering. Explicitly configure spring.jpa.open-in-view to disable this warning
2023-04-01 14:46:18,769 INFO  [restartedMain] org.springframework.boot.devtools.autoconfigure.OptionalLiveReloadServer:LiveReload server is running on port 35729
2023-04-01 14:46:18,776 INFO  [restartedMain] org.springframework.boot.actuate.endpoint.web.EndpointLinksResolver:Exposing 15 endpoint(s) beneath base path '/actuator'
2023-04-01 14:46:18,856 INFO  [restartedMain] org.springframework.boot.web.embedded.tomcat.TomcatWebServer:Tomcat started on port(s): 8080 (http) with context path ''
2023-04-01 14:46:18,870 INFO  [restartedMain] com.tm3library.LibraryProjectApplication:Started LibraryProjectApplication in 13.036 seconds (JVM running for 14.162)
2023-04-01 14:49:50,222 INFO  [http-nio-8080-exec-1] org.apache.catalina.core.ContainerBase.[Tomcat].[localhost].[/]:Initializing Spring DispatcherServlet 'dispatcherServlet'
2023-04-01 14:50:09,641 ERROR [http-nio-8080-exec-3] com.tm3library.exception.LibraryExceptionHandler:null
2023-04-01 14:50:09,715 WARN  [http-nio-8080-exec-3] org.springframework.web.servlet.mvc.method.annotation.ExceptionHandlerExceptionResolver:Resolved [java.util.ConcurrentModificationException]
2023-04-01 14:51:40,443 INFO  [SpringApplicationShutdownHook] org.springframework.orm.jpa.LocalContainerEntityManagerFactoryBean:Closing JPA EntityManagerFactory for persistence unit 'default'
2023-04-01 14:51:40,449 INFO  [SpringApplicationShutdownHook] com.zaxxer.hikari.HikariDataSource:HikariPool-1 - Shutdown initiated...
2023-04-01 14:51:40,459 INFO  [SpringApplicationShutdownHook] com.zaxxer.hikari.HikariDataSource:HikariPool-1 - Shutdown completed.
2023-04-01 14:51:52,410 INFO  [restartedMain] com.tm3library.LibraryProjectApplication:Starting LibraryProjectApplication using Java 11.0.16.1 on DESKTOP-IN77DVS with PID 14456 (C:\Users\MONSTER\Desktop\LibraryProject\target\classes started by MONSTER in C:\Users\MONSTER\Desktop\LibraryProject)
2023-04-01 14:51:52,411 INFO  [restartedMain] com.tm3library.LibraryProjectApplication:No active profile set, falling back to 1 default profile: "default"
2023-04-01 14:51:52,487 INFO  [restartedMain] org.springframework.boot.devtools.env.DevToolsPropertyDefaultsPostProcessor:Devtools property defaults active! Set 'spring.devtools.add-properties' to 'false' to disable
2023-04-01 14:51:52,487 INFO  [restartedMain] org.springframework.boot.devtools.env.DevToolsPropertyDefaultsPostProcessor:For additional web related logging consider setting the 'logging.level.web' property to 'DEBUG'
2023-04-01 14:51:54,416 INFO  [restartedMain] org.springframework.data.repository.config.RepositoryConfigurationDelegate:Bootstrapping Spring Data JPA repositories in DEFAULT mode.
2023-04-01 14:51:54,582 INFO  [restartedMain] org.springframework.data.repository.config.RepositoryConfigurationDelegate:Finished Spring Data repository scanning in 154 ms. Found 8 JPA repository interfaces.
2023-04-01 14:51:56,082 INFO  [restartedMain] org.springframework.boot.web.embedded.tomcat.TomcatWebServer:Tomcat initialized with port(s): 8080 (http)
2023-04-01 14:51:56,095 INFO  [restartedMain] org.apache.catalina.core.StandardService:Starting service [Tomcat]
2023-04-01 14:51:56,096 INFO  [restartedMain] org.apache.catalina.core.StandardEngine:Starting Servlet engine: [Apache Tomcat/9.0.71]
2023-04-01 14:51:56,229 INFO  [restartedMain] org.apache.catalina.core.ContainerBase.[Tomcat].[localhost].[/]:Initializing Spring embedded WebApplicationContext
2023-04-01 14:51:56,230 INFO  [restartedMain] org.springframework.boot.web.servlet.context.ServletWebServerApplicationContext:Root WebApplicationContext: initialization completed in 3742 ms
2023-04-01 14:51:56,699 INFO  [restartedMain] org.hibernate.jpa.internal.util.LogHelper:HHH000204: Processing PersistenceUnitInfo [name: default]
2023-04-01 14:51:56,799 INFO  [restartedMain] org.hibernate.Version:HHH000412: Hibernate ORM core version 5.6.15.Final
2023-04-01 14:51:57,079 INFO  [restartedMain] org.hibernate.annotations.common.Version:HCANN000001: Hibernate Commons Annotations {5.1.2.Final}
2023-04-01 14:51:57,256 INFO  [restartedMain] com.zaxxer.hikari.HikariDataSource:HikariPool-1 - Starting...
2023-04-01 14:51:57,551 INFO  [restartedMain] com.zaxxer.hikari.HikariDataSource:HikariPool-1 - Start completed.
2023-04-01 14:51:57,582 INFO  [restartedMain] org.hibernate.dialect.Dialect:HHH000400: Using dialect: org.hibernate.dialect.PostgreSQLDialect
2023-04-01 14:51:58,974 INFO  [restartedMain] org.hibernate.engine.transaction.jta.platform.internal.JtaPlatformInitiator:HHH000490: Using JtaPlatform implementation: [org.hibernate.engine.transaction.jta.platform.internal.NoJtaPlatform]
2023-04-01 14:51:58,984 INFO  [restartedMain] org.springframework.orm.jpa.LocalContainerEntityManagerFactoryBean:Initialized JPA EntityManagerFactory for persistence unit 'default'
2023-04-01 14:52:00,273 INFO  [restartedMain] org.springframework.security.web.DefaultSecurityFilterChain:Will secure any request with [org.springframework.security.web.session.DisableEncodeUrlFilter@33e60dc6, org.springframework.security.web.context.request.async.WebAsyncManagerIntegrationFilter@31ae1eae, org.springframework.security.web.context.SecurityContextPersistenceFilter@37396e3a, org.springframework.security.web.header.HeaderWriterFilter@45130c8f, org.springframework.security.web.authentication.logout.LogoutFilter@4060915a, com.tm3library.security.jwt.AuthTokenFilter@6530b3a0, org.springframework.security.web.savedrequest.RequestCacheAwareFilter@7734e21e, org.springframework.security.web.servletapi.SecurityContextHolderAwareRequestFilter@5f39ba8e, org.springframework.security.web.authentication.AnonymousAuthenticationFilter@400d0e1d, org.springframework.security.web.session.SessionManagementFilter@47e1d4c6, org.springframework.security.web.access.ExceptionTranslationFilter@13ac3ad1, org.springframework.security.web.access.intercept.FilterSecurityInterceptor@6f0975b]
2023-04-01 14:52:00,351 WARN  [restartedMain] org.springframework.boot.autoconfigure.orm.jpa.JpaBaseConfiguration$JpaWebConfiguration:spring.jpa.open-in-view is enabled by default. Therefore, database queries may be performed during view rendering. Explicitly configure spring.jpa.open-in-view to disable this warning
2023-04-01 14:52:01,371 INFO  [restartedMain] org.springframework.boot.devtools.autoconfigure.OptionalLiveReloadServer:LiveReload server is running on port 35729
2023-04-01 14:52:01,382 INFO  [restartedMain] org.springframework.boot.actuate.endpoint.web.EndpointLinksResolver:Exposing 15 endpoint(s) beneath base path '/actuator'
2023-04-01 14:52:01,508 INFO  [restartedMain] org.springframework.boot.web.embedded.tomcat.TomcatWebServer:Tomcat started on port(s): 8080 (http) with context path ''
2023-04-01 14:52:01,527 INFO  [restartedMain] com.tm3library.LibraryProjectApplication:Started LibraryProjectApplication in 9.842 seconds (JVM running for 10.771)
2023-04-01 14:52:06,709 INFO  [http-nio-8080-exec-1] org.apache.catalina.core.ContainerBase.[Tomcat].[localhost].[/]:Initializing Spring DispatcherServlet 'dispatcherServlet'
2023-04-01 14:52:08,432 ERROR [http-nio-8080-exec-1] com.tm3library.exception.LibraryExceptionHandler:null
2023-04-01 14:52:08,815 WARN  [http-nio-8080-exec-1] org.springframework.web.servlet.mvc.method.annotation.ExceptionHandlerExceptionResolver:Resolved [java.util.ConcurrentModificationException]
2023-04-01 14:54:21,973 INFO  [SpringApplicationShutdownHook] org.springframework.orm.jpa.LocalContainerEntityManagerFactoryBean:Closing JPA EntityManagerFactory for persistence unit 'default'
2023-04-01 14:54:21,977 INFO  [SpringApplicationShutdownHook] com.zaxxer.hikari.HikariDataSource:HikariPool-1 - Shutdown initiated...
2023-04-01 14:54:21,984 INFO  [SpringApplicationShutdownHook] com.zaxxer.hikari.HikariDataSource:HikariPool-1 - Shutdown completed.
2023-04-01 14:55:51,208 INFO  [restartedMain] com.tm3library.LibraryProjectApplication:Starting LibraryProjectApplication using Java 11.0.16.1 on DESKTOP-IN77DVS with PID 2428 (C:\Users\MONSTER\Desktop\LibraryProject\target\classes started by MONSTER in C:\Users\MONSTER\Desktop\LibraryProject)
2023-04-01 14:55:51,212 INFO  [restartedMain] com.tm3library.LibraryProjectApplication:No active profile set, falling back to 1 default profile: "default"
2023-04-01 14:55:51,374 INFO  [restartedMain] org.springframework.boot.devtools.env.DevToolsPropertyDefaultsPostProcessor:Devtools property defaults active! Set 'spring.devtools.add-properties' to 'false' to disable
2023-04-01 14:55:51,375 INFO  [restartedMain] org.springframework.boot.devtools.env.DevToolsPropertyDefaultsPostProcessor:For additional web related logging consider setting the 'logging.level.web' property to 'DEBUG'
2023-04-01 14:55:53,768 INFO  [restartedMain] org.springframework.data.repository.config.RepositoryConfigurationDelegate:Bootstrapping Spring Data JPA repositories in DEFAULT mode.
2023-04-01 14:55:53,901 INFO  [restartedMain] org.springframework.data.repository.config.RepositoryConfigurationDelegate:Finished Spring Data repository scanning in 122 ms. Found 8 JPA repository interfaces.
2023-04-01 14:55:55,140 INFO  [restartedMain] org.springframework.boot.web.embedded.tomcat.TomcatWebServer:Tomcat initialized with port(s): 8080 (http)
2023-04-01 14:55:55,155 INFO  [restartedMain] org.apache.catalina.core.StandardService:Starting service [Tomcat]
2023-04-01 14:55:55,155 INFO  [restartedMain] org.apache.catalina.core.StandardEngine:Starting Servlet engine: [Apache Tomcat/9.0.71]
2023-04-01 14:55:55,301 INFO  [restartedMain] org.apache.catalina.core.ContainerBase.[Tomcat].[localhost].[/]:Initializing Spring embedded WebApplicationContext
2023-04-01 14:55:55,302 INFO  [restartedMain] org.springframework.boot.web.servlet.context.ServletWebServerApplicationContext:Root WebApplicationContext: initialization completed in 3926 ms
2023-04-01 14:55:55,742 INFO  [restartedMain] org.hibernate.jpa.internal.util.LogHelper:HHH000204: Processing PersistenceUnitInfo [name: default]
2023-04-01 14:55:55,838 INFO  [restartedMain] org.hibernate.Version:HHH000412: Hibernate ORM core version 5.6.15.Final
2023-04-01 14:55:56,083 INFO  [restartedMain] org.hibernate.annotations.common.Version:HCANN000001: Hibernate Commons Annotations {5.1.2.Final}
2023-04-01 14:55:56,209 INFO  [restartedMain] com.zaxxer.hikari.HikariDataSource:HikariPool-1 - Starting...
2023-04-01 14:55:56,575 INFO  [restartedMain] com.zaxxer.hikari.HikariDataSource:HikariPool-1 - Start completed.
2023-04-01 14:55:56,606 INFO  [restartedMain] org.hibernate.dialect.Dialect:HHH000400: Using dialect: org.hibernate.dialect.PostgreSQLDialect
2023-04-01 14:55:57,775 INFO  [restartedMain] org.hibernate.engine.transaction.jta.platform.internal.JtaPlatformInitiator:HHH000490: Using JtaPlatform implementation: [org.hibernate.engine.transaction.jta.platform.internal.NoJtaPlatform]
2023-04-01 14:55:57,793 INFO  [restartedMain] org.springframework.orm.jpa.LocalContainerEntityManagerFactoryBean:Initialized JPA EntityManagerFactory for persistence unit 'default'
2023-04-01 14:55:59,047 INFO  [restartedMain] org.springframework.security.web.DefaultSecurityFilterChain:Will secure any request with [org.springframework.security.web.session.DisableEncodeUrlFilter@3241c754, org.springframework.security.web.context.request.async.WebAsyncManagerIntegrationFilter@1b306232, org.springframework.security.web.context.SecurityContextPersistenceFilter@431ddb21, org.springframework.security.web.header.HeaderWriterFilter@4bbd0586, org.springframework.security.web.authentication.logout.LogoutFilter@6ceb46ee, com.tm3library.security.jwt.AuthTokenFilter@71c2fd2d, org.springframework.security.web.savedrequest.RequestCacheAwareFilter@26fa5390, org.springframework.security.web.servletapi.SecurityContextHolderAwareRequestFilter@cabc293, org.springframework.security.web.authentication.AnonymousAuthenticationFilter@4120b61c, org.springframework.security.web.session.SessionManagementFilter@78edc91, org.springframework.security.web.access.ExceptionTranslationFilter@568a7481, org.springframework.security.web.access.intercept.FilterSecurityInterceptor@1f46c3c5]
2023-04-01 14:55:59,103 WARN  [restartedMain] org.springframework.boot.autoconfigure.orm.jpa.JpaBaseConfiguration$JpaWebConfiguration:spring.jpa.open-in-view is enabled by default. Therefore, database queries may be performed during view rendering. Explicitly configure spring.jpa.open-in-view to disable this warning
2023-04-01 14:55:59,875 INFO  [restartedMain] org.springframework.boot.devtools.autoconfigure.OptionalLiveReloadServer:LiveReload server is running on port 35729
2023-04-01 14:55:59,883 INFO  [restartedMain] org.springframework.boot.actuate.endpoint.web.EndpointLinksResolver:Exposing 15 endpoint(s) beneath base path '/actuator'
2023-04-01 14:55:59,945 INFO  [restartedMain] org.springframework.boot.web.embedded.tomcat.TomcatWebServer:Tomcat started on port(s): 8080 (http) with context path ''
2023-04-01 14:55:59,961 INFO  [restartedMain] com.tm3library.LibraryProjectApplication:Started LibraryProjectApplication in 10.05 seconds (JVM running for 11.219)
2023-04-01 14:56:04,378 INFO  [http-nio-8080-exec-1] org.apache.catalina.core.ContainerBase.[Tomcat].[localhost].[/]:Initializing Spring DispatcherServlet 'dispatcherServlet'
2023-04-01 14:56:05,859 ERROR [http-nio-8080-exec-1] com.tm3library.exception.LibraryExceptionHandler:null
2023-04-01 14:56:06,459 WARN  [http-nio-8080-exec-1] org.springframework.web.servlet.mvc.method.annotation.ExceptionHandlerExceptionResolver:Resolved [java.util.ConcurrentModificationException]
2023-04-01 15:06:34,400 INFO  [SpringApplicationShutdownHook] org.springframework.orm.jpa.LocalContainerEntityManagerFactoryBean:Closing JPA EntityManagerFactory for persistence unit 'default'
2023-04-01 15:06:34,406 INFO  [SpringApplicationShutdownHook] com.zaxxer.hikari.HikariDataSource:HikariPool-1 - Shutdown initiated...
2023-04-01 15:06:34,416 INFO  [SpringApplicationShutdownHook] com.zaxxer.hikari.HikariDataSource:HikariPool-1 - Shutdown completed.
2023-04-01 15:06:44,179 INFO  [restartedMain] com.tm3library.LibraryProjectApplication:Starting LibraryProjectApplication using Java 11.0.16.1 on DESKTOP-IN77DVS with PID 7288 (C:\Users\MONSTER\Desktop\LibraryProject\target\classes started by MONSTER in C:\Users\MONSTER\Desktop\LibraryProject)
2023-04-01 15:06:44,186 INFO  [restartedMain] com.tm3library.LibraryProjectApplication:No active profile set, falling back to 1 default profile: "default"
2023-04-01 15:06:44,291 INFO  [restartedMain] org.springframework.boot.devtools.env.DevToolsPropertyDefaultsPostProcessor:Devtools property defaults active! Set 'spring.devtools.add-properties' to 'false' to disable
2023-04-01 15:06:44,291 INFO  [restartedMain] org.springframework.boot.devtools.env.DevToolsPropertyDefaultsPostProcessor:For additional web related logging consider setting the 'logging.level.web' property to 'DEBUG'
2023-04-01 15:06:46,635 INFO  [restartedMain] org.springframework.data.repository.config.RepositoryConfigurationDelegate:Bootstrapping Spring Data JPA repositories in DEFAULT mode.
2023-04-01 15:06:46,821 INFO  [restartedMain] org.springframework.data.repository.config.RepositoryConfigurationDelegate:Finished Spring Data repository scanning in 176 ms. Found 8 JPA repository interfaces.
2023-04-01 15:06:48,768 INFO  [restartedMain] org.springframework.boot.web.embedded.tomcat.TomcatWebServer:Tomcat initialized with port(s): 8080 (http)
2023-04-01 15:06:48,781 INFO  [restartedMain] org.apache.catalina.core.StandardService:Starting service [Tomcat]
2023-04-01 15:06:48,781 INFO  [restartedMain] org.apache.catalina.core.StandardEngine:Starting Servlet engine: [Apache Tomcat/9.0.71]
2023-04-01 15:06:48,891 INFO  [restartedMain] org.apache.catalina.core.ContainerBase.[Tomcat].[localhost].[/]:Initializing Spring embedded WebApplicationContext
2023-04-01 15:06:48,892 INFO  [restartedMain] org.springframework.boot.web.servlet.context.ServletWebServerApplicationContext:Root WebApplicationContext: initialization completed in 4600 ms
2023-04-01 15:06:49,683 INFO  [restartedMain] org.hibernate.jpa.internal.util.LogHelper:HHH000204: Processing PersistenceUnitInfo [name: default]
2023-04-01 15:06:49,823 INFO  [restartedMain] org.hibernate.Version:HHH000412: Hibernate ORM core version 5.6.15.Final
2023-04-01 15:06:50,117 INFO  [restartedMain] org.hibernate.annotations.common.Version:HCANN000001: Hibernate Commons Annotations {5.1.2.Final}
2023-04-01 15:06:50,303 INFO  [restartedMain] com.zaxxer.hikari.HikariDataSource:HikariPool-1 - Starting...
2023-04-01 15:06:50,751 INFO  [restartedMain] com.zaxxer.hikari.HikariDataSource:HikariPool-1 - Start completed.
2023-04-01 15:06:50,799 INFO  [restartedMain] org.hibernate.dialect.Dialect:HHH000400: Using dialect: org.hibernate.dialect.PostgreSQLDialect
2023-04-01 15:06:52,211 INFO  [restartedMain] org.hibernate.engine.transaction.jta.platform.internal.JtaPlatformInitiator:HHH000490: Using JtaPlatform implementation: [org.hibernate.engine.transaction.jta.platform.internal.NoJtaPlatform]
2023-04-01 15:06:52,224 INFO  [restartedMain] org.springframework.orm.jpa.LocalContainerEntityManagerFactoryBean:Initialized JPA EntityManagerFactory for persistence unit 'default'
2023-04-01 15:06:54,246 INFO  [restartedMain] org.springframework.security.web.DefaultSecurityFilterChain:Will secure any request with [org.springframework.security.web.session.DisableEncodeUrlFilter@1a78c071, org.springframework.security.web.context.request.async.WebAsyncManagerIntegrationFilter@53318acb, org.springframework.security.web.context.SecurityContextPersistenceFilter@53606ac6, org.springframework.security.web.header.HeaderWriterFilter@60724a6c, org.springframework.security.web.authentication.logout.LogoutFilter@5e396dd4, com.tm3library.security.jwt.AuthTokenFilter@5ce68266, org.springframework.security.web.savedrequest.RequestCacheAwareFilter@30063dea, org.springframework.security.web.servletapi.SecurityContextHolderAwareRequestFilter@6e7a7f1e, org.springframework.security.web.authentication.AnonymousAuthenticationFilter@2c570165, org.springframework.security.web.session.SessionManagementFilter@63d7c134, org.springframework.security.web.access.ExceptionTranslationFilter@4e1c976d, org.springframework.security.web.access.intercept.FilterSecurityInterceptor@20cd39ac]
2023-04-01 15:06:54,371 WARN  [restartedMain] org.springframework.boot.autoconfigure.orm.jpa.JpaBaseConfiguration$JpaWebConfiguration:spring.jpa.open-in-view is enabled by default. Therefore, database queries may be performed during view rendering. Explicitly configure spring.jpa.open-in-view to disable this warning
2023-04-01 15:06:55,567 INFO  [restartedMain] org.springframework.boot.devtools.autoconfigure.OptionalLiveReloadServer:LiveReload server is running on port 35729
2023-04-01 15:06:55,573 INFO  [restartedMain] org.springframework.boot.actuate.endpoint.web.EndpointLinksResolver:Exposing 15 endpoint(s) beneath base path '/actuator'
2023-04-01 15:06:55,662 INFO  [restartedMain] org.springframework.boot.web.embedded.tomcat.TomcatWebServer:Tomcat started on port(s): 8080 (http) with context path ''
2023-04-01 15:06:55,680 INFO  [restartedMain] com.tm3library.LibraryProjectApplication:Started LibraryProjectApplication in 12.347 seconds (JVM running for 14.003)
2023-04-01 15:08:50,125 INFO  [http-nio-8080-exec-1] org.apache.catalina.core.ContainerBase.[Tomcat].[localhost].[/]:Initializing Spring DispatcherServlet 'dispatcherServlet'
2023-04-01 15:08:51,811 ERROR [http-nio-8080-exec-1] com.tm3library.exception.LibraryExceptionHandler:null
2023-04-01 15:08:52,186 WARN  [http-nio-8080-exec-1] org.springframework.web.servlet.mvc.method.annotation.ExceptionHandlerExceptionResolver:Resolved [java.util.ConcurrentModificationException]
2023-04-01 15:11:17,479 INFO  [SpringApplicationShutdownHook] org.springframework.orm.jpa.LocalContainerEntityManagerFactoryBean:Closing JPA EntityManagerFactory for persistence unit 'default'
2023-04-01 15:11:17,483 INFO  [SpringApplicationShutdownHook] com.zaxxer.hikari.HikariDataSource:HikariPool-1 - Shutdown initiated...
2023-04-01 15:11:17,491 INFO  [SpringApplicationShutdownHook] com.zaxxer.hikari.HikariDataSource:HikariPool-1 - Shutdown completed.
